<?xml version="1.0" encoding="UTF-8"?>
<testng-results ignored="0" total="1" passed="1" failed="0" skipped="0">
  <reporter-output>
  </reporter-output>
  <suite started-at="2021-04-07T08:46:38 IST" name="Default suite" finished-at="2021-04-07T08:46:40 IST" duration-ms="2617">
    <groups>
    </groups>
    <test started-at="2021-04-07T08:46:38 IST" name="Default test" finished-at="2021-04-07T08:46:40 IST" duration-ms="2617">
      <class name="com.rmg.projecttest.PathParamater">
        <test-method signature="pathPram()[pri:0, instance:com.rmg.projecttest.PathParamater@2accdbb5]" started-at="2021-04-07T08:46:38 IST" name="pathPram" finished-at="2021-04-07T08:46:40 IST" duration-ms="2543" status="PASS">
          <reporter-output>
          </reporter-output>
        </test-method> <!-- pathPram -->
      </class> <!-- com.rmg.projecttest.PathParamater -->
    </test> <!-- Default test -->
  </suite> <!-- Default suite -->
</testng-results>
